<?xml version="1.0" encoding="UTF-8"?>
<!-- Generated by org.testng.reporters.JUnitXMLReporter -->
<testsuite ignored="1" hostname="subhaniconnects" failures="0" tests="1" name="Default test" time="29.055" errors="0" timestamp="2023-10-31T15:19:02 IST">
  <testcase classname="TestCasesRepo.ContactsTest" name="OrganizationsTest" time="14.932"/>
  <testcase classname="TestCasesRepo.ContactsTest" name="CreatingContactsModule" time="0.0">
    <ignored/>
  </testcase> <!-- CreatingContactsModule -->
</testsuite> <!-- Default test -->
