<?xml version="1.0" encoding="UTF-8"?>
<!-- Generated by org.testng.reporters.JUnitXMLReporter -->
<testsuite ignored="4" hostname="subhaniconnects" failures="0" tests="4" name="Test" time="83.628" errors="0" timestamp="2023-10-22T23:22:58 IST">
  <testcase classname="TestCasesRepo.ProductsModuleTest" name="creatingProductsModule" time="24.188"/>
  <testcase classname="TestCasesRepo.OrganizationModuleTest" name="OrganizationsTest" time="6.545"/>
  <testcase classname="TestCasesRepo.ContactsTest" name="CreatingContactsModule" time="10.821"/>
  <testcase classname="TestCasesRepo.ContactsTest" name="OrganizationsTest" time="6.011"/>
  <testcase classname="Generic_Utility.BaseClass" name="@AfterSuite asConfigure" time="0.0">
    <ignored/>
  </testcase> <!-- @AfterSuite asConfigure -->
  <testcase classname="Generic_Utility.BaseClass" name="@BeforeSuite bsConfigure" time="0.0">
    <ignored/>
  </testcase> <!-- @BeforeSuite bsConfigure -->
  <testcase classname="Generic_Utility.BaseClass" name="@BeforeSuite bsConfigure" time="0.0">
    <ignored/>
  </testcase> <!-- @BeforeSuite bsConfigure -->
  <testcase classname="Generic_Utility.BaseClass" name="@AfterSuite asConfigure" time="0.0">
    <ignored/>
  </testcase> <!-- @AfterSuite asConfigure -->
</testsuite> <!-- Test -->
