<?xml version="1.0" encoding="UTF-8"?>
<testng-results ignored="0" total="1" passed="1" failed="0" skipped="0">
  <reporter-output>
  </reporter-output>
  <suite started-at="2023-10-31T15:18:33 IST" name="Default suite" finished-at="2023-10-31T15:19:02 IST" duration-ms="29055">
    <groups>
    </groups>
    <test started-at="2023-10-31T15:18:33 IST" name="Default test" finished-at="2023-10-31T15:19:02 IST" duration-ms="29055">
      <class name="TestCasesRepo.ContactsTest">
        <test-method is-config="true" signature="bsConfigure()[pri:0, instance:TestCasesRepo.ContactsTest@413d1baf]" started-at="2023-10-31T15:18:33 IST" name="bsConfigure" finished-at="2023-10-31T15:18:33 IST" duration-ms="18" status="PASS">
          <reporter-output>
          </reporter-output>
        </test-method> <!-- bsConfigure -->
        <test-method is-config="true" signature="bcConfigure()[pri:0, instance:TestCasesRepo.ContactsTest@413d1baf]" started-at="2023-10-31T15:18:33 IST" name="bcConfigure" finished-at="2023-10-31T15:18:40 IST" duration-ms="6912" status="PASS">
          <reporter-output>
          </reporter-output>
        </test-method> <!-- bcConfigure -->
        <test-method is-config="true" signature="bmConfigure()[pri:0, instance:TestCasesRepo.ContactsTest@413d1baf]" started-at="2023-10-31T15:18:40 IST" name="bmConfigure" finished-at="2023-10-31T15:18:45 IST" duration-ms="5290" status="PASS">
          <reporter-output>
          </reporter-output>
        </test-method> <!-- bmConfigure -->
        <test-method signature="OrganizationsTest()[pri:0, instance:TestCasesRepo.ContactsTest@413d1baf]" started-at="2023-10-31T15:18:45 IST" name="OrganizationsTest" finished-at="2023-10-31T15:19:00 IST" duration-ms="14932" status="PASS">
          <reporter-output>
          </reporter-output>
        </test-method> <!-- OrganizationsTest -->
        <test-method is-config="true" signature="amConfigure()[pri:0, instance:TestCasesRepo.ContactsTest@413d1baf]" started-at="2023-10-31T15:19:00 IST" name="amConfigure" finished-at="2023-10-31T15:19:01 IST" duration-ms="1298" status="PASS">
          <reporter-output>
          </reporter-output>
        </test-method> <!-- amConfigure -->
        <test-method is-config="true" signature="acConfigure()[pri:0, instance:TestCasesRepo.ContactsTest@413d1baf]" started-at="2023-10-31T15:19:01 IST" name="acConfigure" finished-at="2023-10-31T15:19:02 IST" duration-ms="508" status="PASS">
          <reporter-output>
          </reporter-output>
        </test-method> <!-- acConfigure -->
        <test-method is-config="true" signature="asConfigure()[pri:0, instance:TestCasesRepo.ContactsTest@413d1baf]" started-at="2023-10-31T15:19:02 IST" name="asConfigure" finished-at="2023-10-31T15:19:02 IST" duration-ms="0" status="PASS">
          <reporter-output>
          </reporter-output>
        </test-method> <!-- asConfigure -->
      </class> <!-- TestCasesRepo.ContactsTest -->
    </test> <!-- Default test -->
  </suite> <!-- Default suite -->
</testng-results>
